Using pre-set license
Built from '2022.3/release' branch; Version is '2022.3.0f1 (fb119bb0b476) revision 16454043'; Using compiler version '192829333'; Build Type 'Release'
OS: 'Windows 10  (10.0.18362) 64bit Enterprise' Language: 'ru' Physical Memory: 32718 MB
BatchMode: 1, IsHumanControllingUs: 0, StartBugReporterOnCrash: 0, Is64bit: 1, IsPro: 1

COMMAND LINE ARGUMENTS:
C:\Program Files\Unity\Hub\Editor\2022.3.0f1\Editor\Unity.exe
-adb2
-batchMode
-noUpm
-name
AssetImportWorker0
-projectPath
C:/Users/Echo/Documents/GitHub/Ulf-Odyssey
-logFile
Logs/AssetImportWorker0.log
-srvPort
51584
Successfully changed project path to: C:/Users/Echo/Documents/GitHub/Ulf-Odyssey
C:/Users/Echo/Documents/GitHub/Ulf-Odyssey
[UnityMemory] Configuration Parameters - Can be set up in boot.config
    "memorysetup-bucket-allocator-granularity=16"
    "memorysetup-bucket-allocator-bucket-count=8"
    "memorysetup-bucket-allocator-block-size=33554432"
    "memorysetup-bucket-allocator-block-count=8"
    "memorysetup-main-allocator-block-size=16777216"
    "memorysetup-thread-allocator-block-size=16777216"
    "memorysetup-gfx-main-allocator-block-size=16777216"
    "memorysetup-gfx-thread-allocator-block-size=16777216"
    "memorysetup-cache-allocator-block-size=4194304"
    "memorysetup-typetree-allocator-block-size=2097152"
    "memorysetup-profiler-bucket-allocator-granularity=16"
    "memorysetup-profiler-bucket-allocator-bucket-count=8"
    "memorysetup-profiler-bucket-allocator-block-size=33554432"
    "memorysetup-profiler-bucket-allocator-block-count=8"
    "memorysetup-profiler-allocator-block-size=16777216"
    "memorysetup-profiler-editor-allocator-block-size=1048576"
    "memorysetup-temp-allocator-size-main=16777216"
    "memorysetup-job-temp-allocator-block-size=2097152"
    "memorysetup-job-temp-allocator-block-size-background=1048576"
    "memorysetup-job-temp-allocator-reduction-small-platforms=262144"
    "memorysetup-allocator-temp-initial-block-size-main=262144"
    "memorysetup-allocator-temp-initial-block-size-worker=262144"
    "memorysetup-temp-allocator-size-background-worker=32768"
    "memorysetup-temp-allocator-size-job-worker=262144"
    "memorysetup-temp-allocator-size-preload-manager=33554432"
    "memorysetup-temp-allocator-size-nav-mesh-worker=65536"
    "memorysetup-temp-allocator-size-audio-worker=65536"
    "memorysetup-temp-allocator-size-cloud-worker=32768"
    "memorysetup-temp-allocator-size-gi-baking-worker=262144"
    "memorysetup-temp-allocator-size-gfx=262144"
Player connection [27164] Host "[IP] 192.168.0.101 [Port] 0 [Flags] 2 [Guid] 1789650502 [EditorId] 1789650502 [Version] 1048832 [Id] WindowsEditor(7,WIN-LDPNGV9GJI4) [Debug] 1 [PackageName] WindowsEditor [ProjectName] Editor" joined multi-casting on [225.0.0.222:54997]...

Player connection [27164] Host "[IP] 192.168.0.101 [Port] 0 [Flags] 2 [Guid] 1789650502 [EditorId] 1789650502 [Version] 1048832 [Id] WindowsEditor(7,WIN-LDPNGV9GJI4) [Debug] 1 [PackageName] WindowsEditor [ProjectName] Editor" joined alternative multi-casting on [225.0.0.222:34997]...

Refreshing native plugins compatible for Editor in 9.87 ms, found 4 plugins.
Preloading 0 native plugins for Editor in 0.00 ms.
Initialize engine version: 2022.3.0f1 (fb119bb0b476)
[Subsystems] Discovering subsystems at path C:/Program Files/Unity/Hub/Editor/2022.3.0f1/Editor/Data/Resources/UnitySubsystems
[Subsystems] Discovering subsystems at path C:/Users/Echo/Documents/GitHub/Ulf-Odyssey/Assets
GfxDevice: creating device client; threaded=0; jobified=0
Direct3D:
    Version:  Direct3D 11.0 [level 11.1]
    Renderer: NVIDIA GeForce GTX 1070 (ID=0x1b81)
    Vendor:   NVIDIA
    VRAM:     8088 MB
    Driver:   31.0.15.1659
Initialize mono
Mono path[0] = 'C:/Program Files/Unity/Hub/Editor/2022.3.0f1/Editor/Data/Managed'
Mono path[1] = 'C:/Program Files/Unity/Hub/Editor/2022.3.0f1/Editor/Data/MonoBleedingEdge/lib/mono/unityjit-win32'
Mono config path = 'C:/Program Files/Unity/Hub/Editor/2022.3.0f1/Editor/Data/MonoBleedingEdge/etc'
Using monoOptions --debugger-agent=transport=dt_socket,embedding=1,server=y,suspend=n,address=127.0.0.1:56736
Begin MonoManager ReloadAssembly
Registering precompiled unity dll's ...
Register platform support module: C:/Program Files/Unity/Hub/Editor/2022.3.0f1/Editor/Data/PlaybackEngines/WindowsStandaloneSupport/UnityEditor.WindowsStandalone.Extensions.dll
Registered in 0.005590 seconds.
- Loaded All Assemblies, in  0.327 seconds
Native extension for WindowsStandalone target not found
Mono: successfully reloaded assembly
- Finished resetting the current domain, in  0.305 seconds
Domain Reload Profiling: 630ms
	BeginReloadAssembly (80ms)
		ExecutionOrderSort (0ms)
		DisableScriptedObjects (0ms)
		BackupInstance (0ms)
		ReleaseScriptingObjects (0ms)
		CreateAndSetChildDomain (1ms)
	RebuildCommonClasses (37ms)
	RebuildNativeTypeToScriptingClass (11ms)
	initialDomainReloadingComplete (55ms)
	LoadAllAssembliesAndSetupDomain (142ms)
		LoadAssemblies (78ms)
		RebuildTransferFunctionScriptingTraits (0ms)
		AnalyzeDomain (136ms)
			TypeCache.Refresh (135ms)
				TypeCache.ScanAssembly (124ms)
			ScanForSourceGeneratedMonoScriptInfo (0ms)
			ResolveRequiredComponents (1ms)
	FinalizeReload (305ms)
		ReleaseScriptCaches (0ms)
		RebuildScriptCaches (0ms)
		SetupLoadedEditorAssemblies (237ms)
			LogAssemblyErrors (0ms)
			InitializePlatformSupportModulesInManaged (11ms)
			SetLoadedEditorAssemblies (8ms)
			RefreshPlugins (0ms)
			BeforeProcessingInitializeOnLoad (3ms)
			ProcessInitializeOnLoadAttributes (169ms)
			ProcessInitializeOnLoadMethodAttributes (46ms)
			AfterProcessingInitializeOnLoad (0ms)
			EditorAssembliesLoaded (0ms)
		ExecutionOrderSort2 (0ms)
		AwakeInstancesAfterBackupRestoration (0ms)
========================================================================
Worker process is ready to serve import requests
Begin MonoManager ReloadAssembly
Symbol file LoadedFromMemory doesn't match image C:\Users\Echo\Documents\GitHub\Ulf-Odyssey\Library\PackageCache\com.unity.visualscripting@1.8.0\Editor\VisualScripting.Core\Dependencies\YamlDotNet\Unity.VisualScripting.YamlDotNet.dll
Symbol file LoadedFromMemory doesn't match image C:\Users\Echo\Documents\GitHub\Ulf-Odyssey\Library\PackageCache\com.unity.visualscripting@1.8.0\Editor\VisualScripting.Core\Dependencies\DotNetZip\Unity.VisualScripting.IonicZip.dll
- Loaded All Assemblies, in  0.837 seconds
Refreshing native plugins compatible for Editor in 3.84 ms, found 4 plugins.
Native extension for WindowsStandalone target not found
Mono: successfully reloaded assembly
- Finished resetting the current domain, in  0.723 seconds
Domain Reload Profiling: 1557ms
	BeginReloadAssembly (122ms)
		ExecutionOrderSort (0ms)
		DisableScriptedObjects (5ms)
		BackupInstance (0ms)
		ReleaseScriptingObjects (0ms)
		CreateAndSetChildDomain (23ms)
	RebuildCommonClasses (39ms)
	RebuildNativeTypeToScriptingClass (12ms)
	initialDomainReloadingComplete (42ms)
	LoadAllAssembliesAndSetupDomain (619ms)
		LoadAssemblies (284ms)
		RebuildTransferFunctionScriptingTraits (0ms)
		AnalyzeDomain (388ms)
			TypeCache.Refresh (347ms)
				TypeCache.ScanAssembly (331ms)
			ScanForSourceGeneratedMonoScriptInfo (32ms)
			ResolveRequiredComponents (9ms)
	FinalizeReload (723ms)
		ReleaseScriptCaches (0ms)
		RebuildScriptCaches (0ms)
		SetupLoadedEditorAssemblies (529ms)
			LogAssemblyErrors (0ms)
			InitializePlatformSupportModulesInManaged (5ms)
			SetLoadedEditorAssemblies (3ms)
			RefreshPlugins (0ms)
			BeforeProcessingInitializeOnLoad (89ms)
			ProcessInitializeOnLoadAttributes (347ms)
			ProcessInitializeOnLoadMethodAttributes (78ms)
			AfterProcessingInitializeOnLoad (6ms)
			EditorAssembliesLoaded (0ms)
		ExecutionOrderSort2 (0ms)
		AwakeInstancesAfterBackupRestoration (7ms)
Launched and connected shader compiler UnityShaderCompiler.exe after 0.06 seconds
Refreshing native plugins compatible for Editor in 3.80 ms, found 4 plugins.
Preloading 0 native plugins for Editor in 0.00 ms.
Unloading 5912 Unused Serialized files (Serialized files now loaded: 0)
Unloading 91 unused Assets / (351.0 KB). Loaded Objects now: 6375.
Memory consumption went from 220.7 MB to 220.3 MB.
Total: 4.733000 ms (FindLiveObjects: 0.774200 ms CreateObjectMapping: 0.175100 ms MarkObjects: 3.448000 ms  DeleteObjects: 0.333900 ms)

AssetImportParameters requested are different than current active one (requested -> active):
  custom:container-demuxer-ogg: 62fdf1f143b41e24485cea50d1cbac27 -> 
  custom:video-decoder-ogg-theora: a1e56fd34408186e4bbccfd4996cb3dc -> 
  custom:framework-win-MediaFoundation: 216162199b28c13a410421893ffa2e32 -> 
  custom:container-demuxer-webm: 4f35f7cbe854078d1ac9338744f61a02 -> 
  custom:container-muxer-webm: aa71ff27fc2769a1b78a27578f13a17b -> 
  custom:video-decoder-webm-vp8: 9c59270c3fd7afecdb556c50c9e8de78 -> 
  custom:AudioImporter_EditorPlatform: d09bf68614088b80899f8185d706f6e7 -> 
  custom:video-encoder-webm-vp8: eb34c28f22e8b96e1ab97ce403110664 -> 
  custom:audio-decoder-ogg-vorbis: bf7c407c2cedff20999df2af8eb42d56 -> 
  custom:audio-encoder-webm-vorbis: bf7c407c2cedff20999df2af8eb42d56 -> 
========================================================================
Received Import Request.
  Time since last request: 1124910.805105 seconds.
  path: Assets/Sprites/Units/greenplanet/Entrog/entrog.psb
  artifactKey: Guid(3f4fb95a6520f064997ec5cbbb212f68) Importer(815301076,1909f56bfc062723c751e8b465ee728b)
Start importing Assets/Sprites/Units/greenplanet/Entrog/entrog.psb using Guid(3f4fb95a6520f064997ec5cbbb212f68) Importer(815301076,1909f56bfc062723c751e8b465ee728b)  -> (artifact id: '503f00fbae8f7154fa898472aeb43a43') in 0.028775 seconds
Number of updated asset objects reloaded before import = 0
Number of asset objects unloaded after import = 278
========================================================================
Received Import Request.
  Time since last request: 57690.685172 seconds.
  path: Assets/Sprites/Units/greenplanet/Entrog/entrog.psb
  artifactKey: Guid(3f4fb95a6520f064997ec5cbbb212f68) Importer(815301076,1909f56bfc062723c751e8b465ee728b)
Start importing Assets/Sprites/Units/greenplanet/Entrog/entrog.psb using Guid(3f4fb95a6520f064997ec5cbbb212f68) Importer(815301076,1909f56bfc062723c751e8b465ee728b)  -> (artifact id: '753994bcc39633dab045025a91ad891b') in 0.060336 seconds
Number of updated asset objects reloaded before import = 0
Number of asset objects unloaded after import = 278
========================================================================
Received Import Request.
  Time since last request: 22.060631 seconds.
  path: Assets/Sprites/Units/greenplanet/Entrog/entrog.psb
  artifactKey: Guid(3f4fb95a6520f064997ec5cbbb212f68) Importer(815301076,1909f56bfc062723c751e8b465ee728b)
Start importing Assets/Sprites/Units/greenplanet/Entrog/entrog.psb using Guid(3f4fb95a6520f064997ec5cbbb212f68) Importer(815301076,1909f56bfc062723c751e8b465ee728b)  -> (artifact id: 'f0d320d7757c2675242e8d8a8d8fe9d3') in 0.009830 seconds
Number of updated asset objects reloaded before import = 0
Number of asset objects unloaded after import = 278
========================================================================
Received Import Request.
  Time since last request: 170.844977 seconds.
  path: Assets/Sprites/Units/greenplanet/Entrog/entrog.psb
  artifactKey: Guid(3f4fb95a6520f064997ec5cbbb212f68) Importer(815301076,1909f56bfc062723c751e8b465ee728b)
Start importing Assets/Sprites/Units/greenplanet/Entrog/entrog.psb using Guid(3f4fb95a6520f064997ec5cbbb212f68) Importer(815301076,1909f56bfc062723c751e8b465ee728b)  -> (artifact id: 'e240a1f6a0032c57b61c5fb76783b5cb') in 0.009502 seconds
Number of updated asset objects reloaded before import = 0
Number of asset objects unloaded after import = 278
========================================================================
Received Import Request.
  Time since last request: 51.455040 seconds.
  path: Assets/Sprites/Units/greenplanet/Entrog/entrog.psb
  artifactKey: Guid(3f4fb95a6520f064997ec5cbbb212f68) Importer(815301076,1909f56bfc062723c751e8b465ee728b)
Start importing Assets/Sprites/Units/greenplanet/Entrog/entrog.psb using Guid(3f4fb95a6520f064997ec5cbbb212f68) Importer(815301076,1909f56bfc062723c751e8b465ee728b)  -> (artifact id: '2d415314fd0a47eea5f1bad9fc90f34c') in 0.009668 seconds
Number of updated asset objects reloaded before import = 0
Number of asset objects unloaded after import = 278
========================================================================
Received Import Request.
  Time since last request: 22.555798 seconds.
  path: Assets/Sprites/Units/greenplanet/Entrog/entrog.psb
  artifactKey: Guid(3f4fb95a6520f064997ec5cbbb212f68) Importer(815301076,1909f56bfc062723c751e8b465ee728b)
Start importing Assets/Sprites/Units/greenplanet/Entrog/entrog.psb using Guid(3f4fb95a6520f064997ec5cbbb212f68) Importer(815301076,1909f56bfc062723c751e8b465ee728b)  -> (artifact id: 'fbf8160aecaa96fc84351e1dd5643774') in 0.010453 seconds
Number of updated asset objects reloaded before import = 0
Number of asset objects unloaded after import = 278
========================================================================
Received Import Request.
  Time since last request: 38.808215 seconds.
  path: Assets/Sprites/Units/greenplanet/Entrog/entrog.psb
  artifactKey: Guid(3f4fb95a6520f064997ec5cbbb212f68) Importer(815301076,1909f56bfc062723c751e8b465ee728b)
Start importing Assets/Sprites/Units/greenplanet/Entrog/entrog.psb using Guid(3f4fb95a6520f064997ec5cbbb212f68) Importer(815301076,1909f56bfc062723c751e8b465ee728b)  -> (artifact id: '6b59be49d6f98e07b03d03366b5b0f63') in 0.010247 seconds
Number of updated asset objects reloaded before import = 0
Number of asset objects unloaded after import = 278
========================================================================
Received Import Request.
  Time since last request: 27.345028 seconds.
  path: Assets/Sprites/Units/greenplanet/Entrog/entrog.psb
  artifactKey: Guid(3f4fb95a6520f064997ec5cbbb212f68) Importer(815301076,1909f56bfc062723c751e8b465ee728b)
Start importing Assets/Sprites/Units/greenplanet/Entrog/entrog.psb using Guid(3f4fb95a6520f064997ec5cbbb212f68) Importer(815301076,1909f56bfc062723c751e8b465ee728b)  -> (artifact id: '62462fcabc6c16b1e05ae2311241b3b1') in 0.008498 seconds
Number of updated asset objects reloaded before import = 0
Number of asset objects unloaded after import = 278
========================================================================
Received Import Request.
  Time since last request: 27.436933 seconds.
  path: Assets/Sprites/Units/greenplanet/Entrog/entrog.psb
  artifactKey: Guid(3f4fb95a6520f064997ec5cbbb212f68) Importer(815301076,1909f56bfc062723c751e8b465ee728b)
Start importing Assets/Sprites/Units/greenplanet/Entrog/entrog.psb using Guid(3f4fb95a6520f064997ec5cbbb212f68) Importer(815301076,1909f56bfc062723c751e8b465ee728b)  -> (artifact id: '50ed3b9297927841ffece4f59035e41a') in 0.008425 seconds
Number of updated asset objects reloaded before import = 0
Number of asset objects unloaded after import = 278
========================================================================
Received Import Request.
  Time since last request: 2009.868528 seconds.
  path: Assets/Sprites/Units/greenplanet/Entrog/green2b.png
  artifactKey: Guid(5be1a1a159e527740a38646556678bee) Importer(815301076,1909f56bfc062723c751e8b465ee728b)
Start importing Assets/Sprites/Units/greenplanet/Entrog/green2b.png using Guid(5be1a1a159e527740a38646556678bee) Importer(815301076,1909f56bfc062723c751e8b465ee728b)  -> (artifact id: 'bd53ff04d8fc4fcddaa117f5deeca4e2') in 0.025492 seconds
Number of updated asset objects reloaded before import = 0
Number of asset objects unloaded after import = 2
========================================================================
Received Import Request.
  Time since last request: 95.183928 seconds.
  path: Assets/Sprites/Units/greenplanet/Entrog/green2b.png
  artifactKey: Guid(5be1a1a159e527740a38646556678bee) Importer(815301076,1909f56bfc062723c751e8b465ee728b)
Start importing Assets/Sprites/Units/greenplanet/Entrog/green2b.png using Guid(5be1a1a159e527740a38646556678bee) Importer(815301076,1909f56bfc062723c751e8b465ee728b)  -> (artifact id: 'c88ef33f9cfcdf96bd2f1098c8343cd8') in 0.008166 seconds
Number of updated asset objects reloaded before import = 0
Number of asset objects unloaded after import = 2
========================================================================
Received Import Request.
  Time since last request: 127.513905 seconds.
  path: Assets/Sprites/Units/greenplanet/Entrog/green2b.png
  artifactKey: Guid(5be1a1a159e527740a38646556678bee) Importer(815301076,1909f56bfc062723c751e8b465ee728b)
Start importing Assets/Sprites/Units/greenplanet/Entrog/green2b.png using Guid(5be1a1a159e527740a38646556678bee) Importer(815301076,1909f56bfc062723c751e8b465ee728b)  -> (artifact id: 'e96ba3f1a35eab7983d61f4c6bea5ec0') in 0.007433 seconds
Number of updated asset objects reloaded before import = 0
Number of asset objects unloaded after import = 2
========================================================================
Received Import Request.
  Time since last request: 4281.211784 seconds.
  path: Assets/ent
  artifactKey: Guid(e3d414d6602daf545b8e9f2374fda1ae) Importer(815301076,1909f56bfc062723c751e8b465ee728b)
Start importing Assets/ent using Guid(e3d414d6602daf545b8e9f2374fda1ae) Importer(815301076,1909f56bfc062723c751e8b465ee728b)  -> (artifact id: 'ef79d8a9f31668c80c1c4deb47e4a646') in 0.000973 seconds
Number of updated asset objects reloaded before import = 0
Number of asset objects unloaded after import = 0
========================================================================
Received Import Request.
  Time since last request: 26.705131 seconds.
  path: Assets/Sprites/planets
  artifactKey: Guid(7e23f3e5ef641014ba050fbd60e757b9) Importer(815301076,1909f56bfc062723c751e8b465ee728b)
Start importing Assets/Sprites/planets using Guid(7e23f3e5ef641014ba050fbd60e757b9) Importer(815301076,1909f56bfc062723c751e8b465ee728b)  -> (artifact id: 'd5cccb02d9f478432aa9c14c295e1d8b') in 0.000684 seconds
Number of updated asset objects reloaded before import = 0
Number of asset objects unloaded after import = 0
========================================================================
Received Import Request.
  Time since last request: 0.926686 seconds.
  path: Assets/Sprites/planets/Green
  artifactKey: Guid(13e68498f8619ac4a930443f49466acc) Importer(815301076,1909f56bfc062723c751e8b465ee728b)
Start importing Assets/Sprites/planets/Green using Guid(13e68498f8619ac4a930443f49466acc) Importer(815301076,1909f56bfc062723c751e8b465ee728b)  -> (artifact id: '8ac222827449e8f0686aa12ec744802c') in 0.000805 seconds
Number of updated asset objects reloaded before import = 0
Number of asset objects unloaded after import = 0
========================================================================
Received Import Request.
  Time since last request: 14371.787680 seconds.
  path: Assets/Sprites/Units/greenplanet/Entrog/ssss.psb
  artifactKey: Guid(f4e3e8c0a78236c46b9ee48d2e0d72db) Importer(815301076,1909f56bfc062723c751e8b465ee728b)
Start importing Assets/Sprites/Units/greenplanet/Entrog/ssss.psb using Guid(f4e3e8c0a78236c46b9ee48d2e0d72db) Importer(815301076,1909f56bfc062723c751e8b465ee728b)  -> (artifact id: '79ea10ff7761298e835bede6f48005b2') in 0.014840 seconds
Number of updated asset objects reloaded before import = 0
Number of asset objects unloaded after import = 9
========================================================================
Received Import Request.
  Time since last request: 128.363420 seconds.
  path: Assets/Sprites/Units/greenplanet/Entrog/ssss.png
  artifactKey: Guid(ff3af233d5285954698d3123296155e5) Importer(815301076,1909f56bfc062723c751e8b465ee728b)
Start importing Assets/Sprites/Units/greenplanet/Entrog/ssss.png using Guid(ff3af233d5285954698d3123296155e5) Importer(815301076,1909f56bfc062723c751e8b465ee728b)  -> (artifact id: 'd1223d2d12532664ddffef9bdda0ad51') in 0.003328 seconds
Number of updated asset objects reloaded before import = 0
Number of asset objects unloaded after import = 2
========================================================================
Received Import Request.
  Time since last request: 1266.588408 seconds.
  path: Assets/Sprites/Units/greenplanet/Entrog/entgoraa2.psb
  artifactKey: Guid(3d2adcd70f928ff448c7bbffebee0657) Importer(815301076,1909f56bfc062723c751e8b465ee728b)
Start importing Assets/Sprites/Units/greenplanet/Entrog/entgoraa2.psb using Guid(3d2adcd70f928ff448c7bbffebee0657) Importer(815301076,1909f56bfc062723c751e8b465ee728b)  -> (artifact id: '67fadfa74b724132c1b16232f14fa163') in 0.003811 seconds
Number of updated asset objects reloaded before import = 0
Number of asset objects unloaded after import = 13
========================================================================
Received Import Request.
  Time since last request: 46.765255 seconds.
  path: Assets/Sprites/Units/greenplanet/Entrog/entgoraa2.psb
  artifactKey: Guid(3d2adcd70f928ff448c7bbffebee0657) Importer(815301076,1909f56bfc062723c751e8b465ee728b)
Start importing Assets/Sprites/Units/greenplanet/Entrog/entgoraa2.psb using Guid(3d2adcd70f928ff448c7bbffebee0657) Importer(815301076,1909f56bfc062723c751e8b465ee728b)  -> (artifact id: 'e187d9cb9a4fd8336266b6ee450d8427') in 0.003325 seconds
Number of updated asset objects reloaded before import = 0
Number of asset objects unloaded after import = 18
========================================================================
Received Import Request.
  Time since last request: 7.200532 seconds.
  path: Assets/Sprites/Units/greenplanet/Entrog/entgoraa2.psb
  artifactKey: Guid(3d2adcd70f928ff448c7bbffebee0657) Importer(815301076,1909f56bfc062723c751e8b465ee728b)
Start importing Assets/Sprites/Units/greenplanet/Entrog/entgoraa2.psb using Guid(3d2adcd70f928ff448c7bbffebee0657) Importer(815301076,1909f56bfc062723c751e8b465ee728b)  -> (artifact id: '14bbd64b39fa20999965d6d65a550840') in 0.002762 seconds
Number of updated asset objects reloaded before import = 0
Number of asset objects unloaded after import = 18
========================================================================
Received Import Request.
  Time since last request: 1150.112492 seconds.
  path: Assets/Sprites/Units/greenplanet/Entrog/svet.png
  artifactKey: Guid(e28ddd2115fe91d4bb23ea6280a71097) Importer(815301076,1909f56bfc062723c751e8b465ee728b)
Start importing Assets/Sprites/Units/greenplanet/Entrog/svet.png using Guid(e28ddd2115fe91d4bb23ea6280a71097) Importer(815301076,1909f56bfc062723c751e8b465ee728b)  -> (artifact id: '9c3569403adc1b933a15e3bac1d74f79') in 0.002299 seconds
Number of updated asset objects reloaded before import = 0
Number of asset objects unloaded after import = 2
========================================================================
Received Import Request.
  Time since last request: 10891.160179 seconds.
  path: Assets/Sprites/Units/greenplanet/Entrog/entrog 1.controller
  artifactKey: Guid(5c4ac31579d89ca42a1ca071d08c749a) Importer(815301076,1909f56bfc062723c751e8b465ee728b)
Start importing Assets/Sprites/Units/greenplanet/Entrog/entrog 1.controller using Guid(5c4ac31579d89ca42a1ca071d08c749a) Importer(815301076,1909f56bfc062723c751e8b465ee728b)  -> (artifact id: 'd43ff39e0b198c50b036714ac873e8aa') in 0.115103 seconds
Number of updated asset objects reloaded before import = 0
Number of asset objects unloaded after import = 26
